# JRE version: OpenJDK Runtime Environment (11.0.12+7) (build 11.0.12+7-b1504.28-7817840)
# Java VM: OpenJDK 64-Bit Server VM (11.0.12+7-b1504.28-7817840, mixed mode, tiered, compressed oops, g1 gc, windows-amd64)
Heap:
 garbage-first heap   total 633856K, used 259241K [0x0000000080000000, 0x0000000100000000)
  region size 1024K, 7 young (7168K), 7 survivors (7168K)
 Metaspace       used 124808K, capacity 128050K, committed 128716K, reserved 1161216K
  class space    used 15890K, capacity 17165K, committed 17408K, reserved 1048576K
GC Heap History (20 events):
Event: 43.770 GC heap after
{Heap after GC invocations=38 (full 0):
 garbage-first heap   total 227328K, used 166301K [0x0000000080000000, 0x0000000100000000)
  region size 1024K, 2 young (2048K), 2 survivors (2048K)
 Metaspace       used 124229K, capacity 127474K, committed 128204K, reserved 1161216K
  class space    used 15888K, capacity 17173K, committed 17408K, reserved 1048576K
}
Event: 43.915 GC heap before
{Heap before GC invocations=38 (full 0):
 garbage-first heap   total 227328K, used 182685K [0x0000000080000000, 0x0000000100000000)
  region size 1024K, 18 young (18432K), 2 survivors (2048K)
 Metaspace       used 124248K, capacity 127474K, committed 128204K, reserved 1161216K
  class space    used 15888K, capacity 17173K, committed 17408K, reserved 1048576K
}
Event: 43.935 GC heap after
{Heap after GC invocations=39 (full 0):
 garbage-first heap   total 227328K, used 175424K [0x0000000080000000, 0x0000000100000000)
  region size 1024K, 3 young (3072K), 3 survivors (3072K)
 Metaspace       used 124248K, capacity 127474K, committed 128204K, reserved 1161216K
  class space    used 15888K, capacity 17173K, committed 17408K, reserved 1048576K
}
Event: 44.181 GC heap before
{Heap before GC invocations=39 (full 0):
 garbage-first heap   total 227328K, used 187712K [0x0000000080000000, 0x0000000100000000)
  region size 1024K, 15 young (15360K), 3 survivors (3072K)
 Metaspace       used 124310K, capacity 127541K, committed 128204K, reserved 1161216K
  class space    used 15888K, capacity 17173K, committed 17408K, reserved 1048576K
}
Event: 44.202 GC heap after
{Heap after GC invocations=40 (full 0):
 garbage-first heap   total 273408K, used 182622K [0x0000000080000000, 0x0000000100000000)
  region size 1024K, 2 young (2048K), 2 survivors (2048K)
 Metaspace       used 124310K, capacity 127541K, committed 128204K, reserved 1161216K
  class space    used 15888K, capacity 17173K, committed 17408K, reserved 1048576K
}
Event: 44.502 GC heap before
{Heap before GC invocations=40 (full 0):
 garbage-first heap   total 273408K, used 208222K [0x0000000080000000, 0x0000000100000000)
  region size 1024K, 26 young (26624K), 2 survivors (2048K)
 Metaspace       used 124312K, capacity 127541K, committed 128204K, reserved 1161216K
  class space    used 15888K, capacity 17173K, committed 17408K, reserved 1048576K
}
Event: 44.529 GC heap after
{Heap after GC invocations=41 (full 0):
 garbage-first heap   total 273408K, used 198656K [0x0000000080000000, 0x0000000100000000)
  region size 1024K, 4 young (4096K), 4 survivors (4096K)
 Metaspace       used 124312K, capacity 127541K, committed 128204K, reserved 1161216K
  class space    used 15888K, capacity 17173K, committed 17408K, reserved 1048576K
}
Event: 44.868 GC heap before
{Heap before GC invocations=41 (full 0):
 garbage-first heap   total 273408K, used 218112K [0x0000000080000000, 0x0000000100000000)
  region size 1024K, 23 young (23552K), 4 survivors (4096K)
 Metaspace       used 124361K, capacity 127627K, committed 128460K, reserved 1161216K
  class space    used 15880K, capacity 17152K, committed 17408K, reserved 1048576K
}
Event: 44.902 GC heap after
{Heap after GC invocations=42 (full 0):
 garbage-first heap   total 273408K, used 208849K [0x0000000080000000, 0x0000000100000000)
  region size 1024K, 3 young (3072K), 3 survivors (3072K)
 Metaspace       used 124361K, capacity 127627K, committed 128460K, reserved 1161216K
  class space    used 15880K, capacity 17152K, committed 17408K, reserved 1048576K
}
Event: 45.074 GC heap before
{Heap before GC invocations=43 (full 0):
 garbage-first heap   total 273408K, used 223185K [0x0000000080000000, 0x0000000100000000)
  region size 1024K, 18 young (18432K), 3 survivors (3072K)
 Metaspace       used 124377K, capacity 127630K, committed 128460K, reserved 1161216K
  class space    used 15880K, capacity 17152K, committed 17408K, reserved 1048576K
}
Event: 45.093 GC heap after
{Heap after GC invocations=44 (full 0):
 garbage-first heap   total 273408K, used 212961K [0x0000000080000000, 0x0000000100000000)
  region size 1024K, 3 young (3072K), 3 survivors (3072K)
 Metaspace       used 124377K, capacity 127630K, committed 128460K, reserved 1161216K
  class space    used 15880K, capacity 17152K, committed 17408K, reserved 1048576K
}
Event: 45.369 GC heap before
{Heap before GC invocations=44 (full 0):
 garbage-first heap   total 273408K, used 229345K [0x0000000080000000, 0x0000000100000000)
  region size 1024K, 18 young (18432K), 3 survivors (3072K)
 Metaspace       used 124434K, capacity 127653K, committed 128460K, reserved 1161216K
  class space    used 15882K, capacity 17156K, committed 17408K, reserved 1048576K
}
Event: 45.393 GC heap after
{Heap after GC invocations=45 (full 0):
 garbage-first heap   total 450560K, used 214918K [0x0000000080000000, 0x0000000100000000)
  region size 1024K, 2 young (2048K), 2 survivors (2048K)
 Metaspace       used 124434K, capacity 127653K, committed 128460K, reserved 1161216K
  class space    used 15882K, capacity 17156K, committed 17408K, reserved 1048576K
}
Event: 46.567 GC heap before
{Heap before GC invocations=46 (full 0):
 garbage-first heap   total 450560K, used 275334K [0x0000000080000000, 0x0000000100000000)
  region size 1024K, 66 young (67584K), 2 survivors (2048K)
 Metaspace       used 124518K, capacity 127791K, committed 128460K, reserved 1161216K
  class space    used 15883K, capacity 17156K, committed 17408K, reserved 1048576K
}
Event: 46.595 GC heap after
{Heap after GC invocations=47 (full 0):
 garbage-first heap   total 450560K, used 214191K [0x0000000080000000, 0x0000000100000000)
  region size 1024K, 6 young (6144K), 6 survivors (6144K)
 Metaspace       used 124518K, capacity 127791K, committed 128460K, reserved 1161216K
  class space    used 15883K, capacity 17156K, committed 17408K, reserved 1048576K
}
Event: 46.966 GC heap before
{Heap before GC invocations=47 (full 0):
 garbage-first heap   total 450560K, used 233647K [0x0000000080000000, 0x0000000100000000)
  region size 1024K, 22 young (22528K), 6 survivors (6144K)
 Metaspace       used 124550K, capacity 127794K, committed 128460K, reserved 1161216K
  class space    used 15883K, capacity 17156K, committed 17408K, reserved 1048576K
}
Event: 46.991 GC heap after
{Heap after GC invocations=48 (full 0):
 garbage-first heap   total 450560K, used 217844K [0x0000000080000000, 0x0000000100000000)
  region size 1024K, 2 young (2048K), 2 survivors (2048K)
 Metaspace       used 124550K, capacity 127794K, committed 128460K, reserved 1161216K
  class space    used 15883K, capacity 17156K, committed 17408K, reserved 1048576K
}
Event: 47.862 GC heap before
{Heap before GC invocations=48 (full 0):
 garbage-first heap   total 450560K, used 305908K [0x0000000080000000, 0x0000000100000000)
  region size 1024K, 74 young (75776K), 2 survivors (2048K)
 Metaspace       used 124684K, capacity 127895K, committed 128460K, reserved 1161216K
  class space    used 15890K, capacity 17165K, committed 17408K, reserved 1048576K
}
Event: 47.887 GC heap after
{Heap after GC invocations=49 (full 0):
 garbage-first heap   total 450560K, used 240290K [0x0000000080000000, 0x0000000100000000)
  region size 1024K, 10 young (10240K), 10 survivors (10240K)
 Metaspace       used 124684K, capacity 127895K, committed 128460K, reserved 1161216K
  class space    used 15890K, capacity 17165K, committed 17408K, reserved 1048576K
}
Event: 48.477 GC heap before
{Heap before GC invocations=49 (full 0):
 garbage-first heap   total 450560K, used 326306K [0x0000000080000000, 0x0000000100000000)
  region size 1024K, 81 young (82944K), 10 survivors (10240K)
 Metaspace       used 124808K, capacity 128050K, committed 128716K, reserved 1161216K
  class space    used 15890K, capacity 17165K, committed 17408K, reserved 1048576K
}

