# JRE version: OpenJDK Runtime Environment (11.0.12+7) (build 11.0.12+7-b1504.28-7817840)
# Java VM: OpenJDK 64-Bit Server VM (11.0.12+7-b1504.28-7817840, mixed mode, tiered, compressed oops, g1 gc, windows-amd64)
Heap:
 garbage-first heap   total 157696K, used 76715K [0x0000000081e00000, 0x0000000100000000)
  region size 1024K, 34 young (34816K), 8 survivors (8192K)
 Metaspace       used 67545K, capacity 68357K, committed 68480K, reserved 1110016K
  class space    used 7678K, capacity 7999K, committed 8064K, reserved 1048576K
GC Heap History (16 events):
Event: 0.793 GC heap before
{Heap before GC invocations=0 (full 0):
 garbage-first heap   total 131072K, used 17408K [0x0000000081e00000, 0x0000000100000000)
  region size 1024K, 14 young (14336K), 0 survivors (0K)
 Metaspace       used 9809K, capacity 9874K, committed 10112K, reserved 1058816K
  class space    used 839K, capacity 885K, committed 896K, reserved 1048576K
}
Event: 0.798 GC heap after
{Heap after GC invocations=1 (full 0):
 garbage-first heap   total 131072K, used 5208K [0x0000000081e00000, 0x0000000100000000)
  region size 1024K, 2 young (2048K), 2 survivors (2048K)
 Metaspace       used 9809K, capacity 9874K, committed 10112K, reserved 1058816K
  class space    used 839K, capacity 885K, committed 896K, reserved 1048576K
}
Event: 2.242 GC heap before
{Heap before GC invocations=1 (full 0):
 garbage-first heap   total 131072K, used 50264K [0x0000000081e00000, 0x0000000100000000)
  region size 1024K, 47 young (48128K), 2 survivors (2048K)
 Metaspace       used 20753K, capacity 20990K, committed 21248K, reserved 1069056K
  class space    used 2199K, capacity 2280K, committed 2304K, reserved 1048576K
}
Event: 2.261 GC heap after
{Heap after GC invocations=2 (full 0):
 garbage-first heap   total 131072K, used 9189K [0x0000000081e00000, 0x0000000100000000)
  region size 1024K, 6 young (6144K), 6 survivors (6144K)
 Metaspace       used 20753K, capacity 20990K, committed 21248K, reserved 1069056K
  class space    used 2199K, capacity 2280K, committed 2304K, reserved 1048576K
}
Event: 3.892 GC heap before
{Heap before GC invocations=3 (full 0):
 garbage-first heap   total 131072K, used 61413K [0x0000000081e00000, 0x0000000100000000)
  region size 1024K, 52 young (53248K), 6 survivors (6144K)
 Metaspace       used 31792K, capacity 32248K, committed 32384K, reserved 1077248K
  class space    used 3985K, capacity 4151K, committed 4224K, reserved 1048576K
}
Event: 3.919 GC heap after
{Heap after GC invocations=4 (full 0):
 garbage-first heap   total 131072K, used 20783K [0x0000000081e00000, 0x0000000100000000)
  region size 1024K, 7 young (7168K), 7 survivors (7168K)
 Metaspace       used 31792K, capacity 32248K, committed 32384K, reserved 1077248K
  class space    used 3985K, capacity 4151K, committed 4224K, reserved 1048576K
}
Event: 4.353 GC heap before
{Heap before GC invocations=4 (full 0):
 garbage-first heap   total 131072K, used 35119K [0x0000000081e00000, 0x0000000100000000)
  region size 1024K, 22 young (22528K), 7 survivors (7168K)
 Metaspace       used 34988K, capacity 35427K, committed 35584K, reserved 1081344K
  class space    used 4335K, capacity 4507K, committed 4608K, reserved 1048576K
}
Event: 4.369 GC heap after
{Heap after GC invocations=5 (full 0):
 garbage-first heap   total 131072K, used 20364K [0x0000000081e00000, 0x0000000100000000)
  region size 1024K, 2 young (2048K), 2 survivors (2048K)
 Metaspace       used 34988K, capacity 35427K, committed 35584K, reserved 1081344K
  class space    used 4335K, capacity 4507K, committed 4608K, reserved 1048576K
}
Event: 6.281 GC heap before
{Heap before GC invocations=6 (full 0):
 garbage-first heap   total 131072K, used 76684K [0x0000000081e00000, 0x0000000100000000)
  region size 1024K, 55 young (56320K), 2 survivors (2048K)
 Metaspace       used 46733K, capacity 47249K, committed 47488K, reserved 1091584K
  class space    used 5532K, capacity 5751K, committed 5760K, reserved 1048576K
}
Event: 6.302 GC heap after
{Heap after GC invocations=7 (full 0):
 garbage-first heap   total 157696K, used 26825K [0x0000000081e00000, 0x0000000100000000)
  region size 1024K, 7 young (7168K), 7 survivors (7168K)
 Metaspace       used 46733K, capacity 47249K, committed 47488K, reserved 1091584K
  class space    used 5532K, capacity 5751K, committed 5760K, reserved 1048576K
}
Event: 8.064 GC heap before
{Heap before GC invocations=8 (full 0):
 garbage-first heap   total 157696K, used 92361K [0x0000000081e00000, 0x0000000100000000)
  region size 1024K, 70 young (71680K), 7 survivors (7168K)
 Metaspace       used 52295K, capacity 52907K, committed 52992K, reserved 1095680K
  class space    used 6071K, capacity 6328K, committed 6400K, reserved 1048576K
}
Event: 8.094 GC heap after
{Heap after GC invocations=9 (full 0):
 garbage-first heap   total 157696K, used 34647K [0x0000000081e00000, 0x0000000100000000)
  region size 1024K, 8 young (8192K), 8 survivors (8192K)
 Metaspace       used 52295K, capacity 52907K, committed 52992K, reserved 1095680K
  class space    used 6071K, capacity 6328K, committed 6400K, reserved 1048576K
}
Event: 10.191 GC heap before
{Heap before GC invocations=9 (full 0):
 garbage-first heap   total 157696K, used 103255K [0x0000000081e00000, 0x0000000100000000)
  region size 1024K, 75 young (76800K), 8 survivors (8192K)
 Metaspace       used 54025K, capacity 54666K, committed 54912K, reserved 1097728K
  class space    used 6143K, capacity 6402K, committed 6528K, reserved 1048576K
}
Event: 10.230 GC heap after
{Heap after GC invocations=10 (full 0):
 garbage-first heap   total 157696K, used 43508K [0x0000000081e00000, 0x0000000100000000)
  region size 1024K, 9 young (9216K), 9 survivors (9216K)
 Metaspace       used 54025K, capacity 54666K, committed 54912K, reserved 1097728K
  class space    used 6143K, capacity 6402K, committed 6528K, reserved 1048576K
}
Event: 13.393 GC heap before
{Heap before GC invocations=10 (full 0):
 garbage-first heap   total 157696K, used 109044K [0x0000000081e00000, 0x0000000100000000)
  region size 1024K, 73 young (74752K), 9 survivors (9216K)
 Metaspace       used 62317K, capacity 63088K, committed 63360K, reserved 1105920K
  class space    used 7133K, capacity 7453K, committed 7552K, reserved 1048576K
}
Event: 13.436 GC heap after
{Heap after GC invocations=11 (full 0):
 garbage-first heap   total 157696K, used 51115K [0x0000000081e00000, 0x0000000100000000)
  region size 1024K, 8 young (8192K), 8 survivors (8192K)
 Metaspace       used 62317K, capacity 63088K, committed 63360K, reserved 1105920K
  class space    used 7133K, capacity 7453K, committed 7552K, reserved 1048576K
}

