# JRE version: OpenJDK Runtime Environment (11.0.12+7) (build 11.0.12+7-b1504.28-7817840)
# Java VM: OpenJDK 64-Bit Server VM (11.0.12+7-b1504.28-7817840, mixed mode, tiered, compressed oops, g1 gc, windows-amd64)
Heap:
 garbage-first heap   total 623616K, used 270776K [0x0000000080000000, 0x0000000100000000)
  region size 1024K, 4 young (4096K), 4 survivors (4096K)
 Metaspace       used 151926K, capacity 156186K, committed 156672K, reserved 1185792K
  class space    used 19179K, capacity 20770K, committed 20992K, reserved 1048576K
GC Heap History (20 events):
Event: 204.158 GC heap after
{Heap after GC invocations=75 (full 0):
 garbage-first heap   total 274432K, used 176409K [0x0000000080000000, 0x0000000100000000)
  region size 1024K, 3 young (3072K), 3 survivors (3072K)
 Metaspace       used 142839K, capacity 146582K, committed 146688K, reserved 1177600K
  class space    used 17995K, capacity 19350K, committed 19456K, reserved 1048576K
}
Event: 205.313 GC heap before
{Heap before GC invocations=75 (full 0):
 garbage-first heap   total 274432K, used 211225K [0x0000000080000000, 0x0000000100000000)
  region size 1024K, 38 young (38912K), 3 survivors (3072K)
 Metaspace       used 147340K, capacity 151381K, committed 151552K, reserved 1181696K
  class space    used 18705K, capacity 20198K, committed 20224K, reserved 1048576K
}
Event: 205.327 GC heap after
{Heap after GC invocations=76 (full 0):
 garbage-first heap   total 274432K, used 179296K [0x0000000080000000, 0x0000000100000000)
  region size 1024K, 4 young (4096K), 4 survivors (4096K)
 Metaspace       used 147340K, capacity 151381K, committed 151552K, reserved 1181696K
  class space    used 18705K, capacity 20198K, committed 20224K, reserved 1048576K
}
Event: 206.254 GC heap before
{Heap before GC invocations=76 (full 0):
 garbage-first heap   total 274432K, used 216160K [0x0000000080000000, 0x0000000100000000)
  region size 1024K, 40 young (40960K), 4 survivors (4096K)
 Metaspace       used 149140K, capacity 153349K, committed 153600K, reserved 1181696K
  class space    used 18869K, capacity 20443K, committed 20480K, reserved 1048576K
}
Event: 206.268 GC heap after
{Heap after GC invocations=77 (full 0):
 garbage-first heap   total 274432K, used 181885K [0x0000000080000000, 0x0000000100000000)
  region size 1024K, 4 young (4096K), 4 survivors (4096K)
 Metaspace       used 149140K, capacity 153349K, committed 153600K, reserved 1181696K
  class space    used 18869K, capacity 20443K, committed 20480K, reserved 1048576K
}
Event: 207.687 GC heap before
{Heap before GC invocations=77 (full 0):
 garbage-first heap   total 274432K, used 219773K [0x0000000080000000, 0x0000000100000000)
  region size 1024K, 41 young (41984K), 4 survivors (4096K)
 Metaspace       used 150390K, capacity 154732K, committed 154880K, reserved 1183744K
  class space    used 18999K, capacity 20628K, committed 20736K, reserved 1048576K
}
Event: 207.695 GC heap after
{Heap after GC invocations=78 (full 0):
 garbage-first heap   total 274432K, used 181478K [0x0000000080000000, 0x0000000100000000)
  region size 1024K, 1 young (1024K), 1 survivors (1024K)
 Metaspace       used 150390K, capacity 154732K, committed 154880K, reserved 1183744K
  class space    used 18999K, capacity 20628K, committed 20736K, reserved 1048576K
}
Event: 208.333 GC heap before
{Heap before GC invocations=78 (full 0):
 garbage-first heap   total 274432K, used 234726K [0x0000000080000000, 0x0000000100000000)
  region size 1024K, 34 young (34816K), 1 survivors (1024K)
 Metaspace       used 151035K, capacity 155433K, committed 155648K, reserved 1183744K
  class space    used 19081K, capacity 20704K, committed 20736K, reserved 1048576K
}
Event: 208.342 GC heap after
{Heap after GC invocations=79 (full 0):
 garbage-first heap   total 274432K, used 205748K [0x0000000080000000, 0x0000000100000000)
  region size 1024K, 4 young (4096K), 4 survivors (4096K)
 Metaspace       used 151035K, capacity 155433K, committed 155648K, reserved 1183744K
  class space    used 19081K, capacity 20704K, committed 20736K, reserved 1048576K
}
Event: 208.830 GC heap before
{Heap before GC invocations=79 (full 0):
 garbage-first heap   total 274432K, used 254900K [0x0000000080000000, 0x0000000100000000)
  region size 1024K, 31 young (31744K), 4 survivors (4096K)
 Metaspace       used 151141K, capacity 155537K, committed 155776K, reserved 1183744K
  class space    used 19087K, capacity 20738K, committed 20864K, reserved 1048576K
}
Event: 208.858 GC heap after
{Heap after GC invocations=80 (full 0):
 garbage-first heap   total 274432K, used 216770K [0x0000000080000000, 0x0000000100000000)
  region size 1024K, 4 young (4096K), 4 survivors (4096K)
 Metaspace       used 151141K, capacity 155537K, committed 155776K, reserved 1183744K
  class space    used 19087K, capacity 20738K, committed 20864K, reserved 1048576K
}
Event: 209.182 GC heap before
{Heap before GC invocations=80 (full 0):
 garbage-first heap   total 274432K, used 233154K [0x0000000080000000, 0x0000000100000000)
  region size 1024K, 21 young (21504K), 4 survivors (4096K)
 Metaspace       used 151045K, capacity 155287K, committed 155776K, reserved 1183744K
  class space    used 19072K, capacity 20654K, committed 20864K, reserved 1048576K
}
Event: 209.228 GC heap after
{Heap after GC invocations=81 (full 0):
 garbage-first heap   total 356352K, used 224609K [0x0000000080000000, 0x0000000100000000)
  region size 1024K, 3 young (3072K), 3 survivors (3072K)
 Metaspace       used 151045K, capacity 155287K, committed 155776K, reserved 1183744K
  class space    used 19072K, capacity 20654K, committed 20864K, reserved 1048576K
}
Event: 210.312 GC heap before
{Heap before GC invocations=82 (full 0):
 garbage-first heap   total 356352K, used 274785K [0x0000000080000000, 0x0000000100000000)
  region size 1024K, 53 young (54272K), 3 survivors (3072K)
 Metaspace       used 151751K, capacity 156071K, committed 156672K, reserved 1185792K
  class space    used 19170K, capacity 20762K, committed 20992K, reserved 1048576K
}
Event: 210.392 GC heap after
{Heap after GC invocations=83 (full 0):
 garbage-first heap   total 356352K, used 251624K [0x0000000080000000, 0x0000000100000000)
  region size 1024K, 7 young (7168K), 7 survivors (7168K)
 Metaspace       used 151751K, capacity 156071K, committed 156672K, reserved 1185792K
  class space    used 19170K, capacity 20762K, committed 20992K, reserved 1048576K
}
Event: 210.590 GC heap before
{Heap before GC invocations=83 (full 0):
 garbage-first heap   total 356352K, used 260840K [0x0000000080000000, 0x0000000100000000)
  region size 1024K, 17 young (17408K), 7 survivors (7168K)
 Metaspace       used 151752K, capacity 156071K, committed 156672K, reserved 1185792K
  class space    used 19170K, capacity 20762K, committed 20992K, reserved 1048576K
}
Event: 210.659 GC heap after
{Heap after GC invocations=84 (full 0):
 garbage-first heap   total 356352K, used 245760K [0x0000000080000000, 0x0000000100000000)
  region size 1024K, 3 young (3072K), 3 survivors (3072K)
 Metaspace       used 151752K, capacity 156071K, committed 156672K, reserved 1185792K
  class space    used 19170K, capacity 20762K, committed 20992K, reserved 1048576K
}
Event: 211.498 GC heap before
{Heap before GC invocations=84 (full 0):
 garbage-first heap   total 356352K, used 283648K [0x0000000080000000, 0x0000000100000000)
  region size 1024K, 39 young (39936K), 3 survivors (3072K)
 Metaspace       used 151845K, capacity 156090K, committed 156672K, reserved 1185792K
  class space    used 19176K, capacity 20766K, committed 20992K, reserved 1048576K
}
Event: 211.551 GC heap after
{Heap after GC invocations=85 (full 0):
 garbage-first heap   total 356352K, used 265728K [0x0000000080000000, 0x0000000100000000)
  region size 1024K, 5 young (5120K), 5 survivors (5120K)
 Metaspace       used 151845K, capacity 156090K, committed 156672K, reserved 1185792K
  class space    used 19176K, capacity 20766K, committed 20992K, reserved 1048576K
}
Event: 212.393 GC heap before
{Heap before GC invocations=85 (full 0):
 garbage-first heap   total 356352K, used 291328K [0x0000000080000000, 0x0000000100000000)
  region size 1024K, 30 young (30720K), 5 survivors (5120K)
 Metaspace       used 151926K, capacity 156186K, committed 156672K, reserved 1185792K
  class space    used 19179K, capacity 20770K, committed 20992K, reserved 1048576K
}

