# JRE version: OpenJDK Runtime Environment (11.0.12+7) (build 11.0.12+7-b1504.28-7817840)
# Java VM: OpenJDK 64-Bit Server VM (11.0.12+7-b1504.28-7817840, mixed mode, tiered, compressed oops, g1 gc, windows-amd64)
Heap:
 garbage-first heap   total 189440K, used 56790K [0x0000000081e00000, 0x0000000100000000)
  region size 1024K, 6 young (6144K), 6 survivors (6144K)
 Metaspace       used 69851K, capacity 70664K, committed 70912K, reserved 1112064K
  class space    used 7876K, capacity 8192K, committed 8192K, reserved 1048576K
GC Heap History (17 events):
Event: 0.743 GC heap before
{Heap before GC invocations=0 (full 0):
 garbage-first heap   total 131072K, used 17408K [0x0000000081e00000, 0x0000000100000000)
  region size 1024K, 14 young (14336K), 0 survivors (0K)
 Metaspace       used 9811K, capacity 9938K, committed 10112K, reserved 1058816K
  class space    used 840K, capacity 885K, committed 896K, reserved 1048576K
}
Event: 0.748 GC heap after
{Heap after GC invocations=1 (full 0):
 garbage-first heap   total 131072K, used 5212K [0x0000000081e00000, 0x0000000100000000)
  region size 1024K, 2 young (2048K), 2 survivors (2048K)
 Metaspace       used 9811K, capacity 9938K, committed 10112K, reserved 1058816K
  class space    used 840K, capacity 885K, committed 896K, reserved 1048576K
}
Event: 2.158 GC heap before
{Heap before GC invocations=1 (full 0):
 garbage-first heap   total 131072K, used 49244K [0x0000000081e00000, 0x0000000100000000)
  region size 1024K, 46 young (47104K), 2 survivors (2048K)
 Metaspace       used 20761K, capacity 20990K, committed 21248K, reserved 1069056K
  class space    used 2199K, capacity 2280K, committed 2304K, reserved 1048576K
}
Event: 2.176 GC heap after
{Heap after GC invocations=2 (full 0):
 garbage-first heap   total 131072K, used 9233K [0x0000000081e00000, 0x0000000100000000)
  region size 1024K, 6 young (6144K), 6 survivors (6144K)
 Metaspace       used 20761K, capacity 20990K, committed 21248K, reserved 1069056K
  class space    used 2199K, capacity 2280K, committed 2304K, reserved 1048576K
}
Event: 3.771 GC heap before
{Heap before GC invocations=3 (full 0):
 garbage-first heap   total 131072K, used 61457K [0x0000000081e00000, 0x0000000100000000)
  region size 1024K, 52 young (53248K), 6 survivors (6144K)
 Metaspace       used 31790K, capacity 32248K, committed 32384K, reserved 1077248K
  class space    used 3985K, capacity 4151K, committed 4224K, reserved 1048576K
}
Event: 3.798 GC heap after
{Heap after GC invocations=4 (full 0):
 garbage-first heap   total 131072K, used 20442K [0x0000000081e00000, 0x0000000100000000)
  region size 1024K, 7 young (7168K), 7 survivors (7168K)
 Metaspace       used 31790K, capacity 32248K, committed 32384K, reserved 1077248K
  class space    used 3985K, capacity 4151K, committed 4224K, reserved 1048576K
}
Event: 4.287 GC heap before
{Heap before GC invocations=4 (full 0):
 garbage-first heap   total 131072K, used 34778K [0x0000000081e00000, 0x0000000100000000)
  region size 1024K, 22 young (22528K), 7 survivors (7168K)
 Metaspace       used 34992K, capacity 35400K, committed 35628K, reserved 1081344K
  class space    used 4324K, capacity 4475K, committed 4480K, reserved 1048576K
}
Event: 4.303 GC heap after
{Heap after GC invocations=5 (full 0):
 garbage-first heap   total 131072K, used 20149K [0x0000000081e00000, 0x0000000100000000)
  region size 1024K, 2 young (2048K), 2 survivors (2048K)
 Metaspace       used 34992K, capacity 35400K, committed 35628K, reserved 1081344K
  class space    used 4324K, capacity 4475K, committed 4480K, reserved 1048576K
}
Event: 8.113 GC heap before
{Heap before GC invocations=6 (full 0):
 garbage-first heap   total 131072K, used 78517K [0x0000000081e00000, 0x0000000100000000)
  region size 1024K, 57 young (58368K), 2 survivors (2048K)
 Metaspace       used 47015K, capacity 47509K, committed 47744K, reserved 1091584K
  class space    used 5558K, capacity 5752K, committed 5760K, reserved 1048576K
}
Event: 8.146 GC heap after
{Heap after GC invocations=7 (full 0):
 garbage-first heap   total 157696K, used 27167K [0x0000000081e00000, 0x0000000100000000)
  region size 1024K, 7 young (7168K), 7 survivors (7168K)
 Metaspace       used 47015K, capacity 47509K, committed 47744K, reserved 1091584K
  class space    used 5558K, capacity 5752K, committed 5760K, reserved 1048576K
}
Event: 9.993 GC heap before
{Heap before GC invocations=8 (full 0):
 garbage-first heap   total 157696K, used 94751K [0x0000000081e00000, 0x0000000100000000)
  region size 1024K, 72 young (73728K), 7 survivors (7168K)
 Metaspace       used 52697K, capacity 53328K, committed 53504K, reserved 1095680K
  class space    used 6102K, capacity 6362K, committed 6400K, reserved 1048576K
}
Event: 10.022 GC heap after
{Heap after GC invocations=9 (full 0):
 garbage-first heap   total 157696K, used 34910K [0x0000000081e00000, 0x0000000100000000)
  region size 1024K, 8 young (8192K), 8 survivors (8192K)
 Metaspace       used 52697K, capacity 53328K, committed 53504K, reserved 1095680K
  class space    used 6102K, capacity 6362K, committed 6400K, reserved 1048576K
}
Event: 11.861 GC heap before
{Heap before GC invocations=9 (full 0):
 garbage-first heap   total 157696K, used 103518K [0x0000000081e00000, 0x0000000100000000)
  region size 1024K, 75 young (76800K), 8 survivors (8192K)
 Metaspace       used 54017K, capacity 54666K, committed 54912K, reserved 1097728K
  class space    used 6146K, capacity 6402K, committed 6528K, reserved 1048576K
}
Event: 11.900 GC heap after
{Heap after GC invocations=10 (full 0):
 garbage-first heap   total 157696K, used 43152K [0x0000000081e00000, 0x0000000100000000)
  region size 1024K, 9 young (9216K), 9 survivors (9216K)
 Metaspace       used 54017K, capacity 54666K, committed 54912K, reserved 1097728K
  class space    used 6146K, capacity 6402K, committed 6528K, reserved 1048576K
}
Event: 15.332 GC heap before
{Heap before GC invocations=10 (full 0):
 garbage-first heap   total 157696K, used 110736K [0x0000000081e00000, 0x0000000100000000)
  region size 1024K, 75 young (76800K), 9 survivors (9216K)
 Metaspace       used 63322K, capacity 64104K, committed 64256K, reserved 1105920K
  class space    used 7248K, capacity 7557K, committed 7680K, reserved 1048576K
}
Event: 15.373 GC heap after
{Heap after GC invocations=11 (full 0):
 garbage-first heap   total 157696K, used 51053K [0x0000000081e00000, 0x0000000100000000)
  region size 1024K, 8 young (8192K), 8 survivors (8192K)
 Metaspace       used 63322K, capacity 64104K, committed 64256K, reserved 1105920K
  class space    used 7248K, capacity 7557K, committed 7680K, reserved 1048576K
}
Event: 17.748 GC heap before
{Heap before GC invocations=11 (full 0):
 garbage-first heap   total 157696K, used 116589K [0x0000000081e00000, 0x0000000100000000)
  region size 1024K, 72 young (73728K), 8 survivors (8192K)
 Metaspace       used 69851K, capacity 70664K, committed 70912K, reserved 1112064K
  class space    used 7876K, capacity 8192K, committed 8192K, reserved 1048576K
}

